[03:36:02] [ServerMain/INFO]: [bootstrap] Running Java 21 (OpenJDK 64-Bit Server VM 21.0.6+7-Ubuntu-120.04.1; Ubuntu null) on Linux 6.8.0-1021-azure (amd64)
[03:36:02] [ServerMain/INFO]: [bootstrap] Loading Paper 1.21.3-63-master@4190ee7 (2024-11-25T18:59:19Z) for Minecraft 1.21.3
[03:36:02] [ServerMain/INFO]: [PluginInitializerManager] Initializing plugins...
[03:36:02] [ServerMain/INFO]: [PluginInitializerManager] Initialized 0 plugins
[03:36:06] [ServerMain/INFO]: Environment: Environment[sessionHost=https://sessionserver.mojang.com, servicesHost=https://api.minecraftservices.com, name=PROD]
[03:36:08] [ServerMain/INFO]: Loaded 1337 recipes
[03:36:08] [ServerMain/INFO]: Loaded 1448 advancements
[03:36:08] [Server thread/INFO]: Starting minecraft server version 1.21.3
[03:36:08] [Server thread/INFO]: Loading properties
[03:36:08] [Server thread/INFO]: This server is running Paper version 1.21.3-63-master@4190ee7 (2024-11-25T18:59:19Z) (Implementing API version 1.21.3-R0.1-SNAPSHOT)
[03:36:09] [Server thread/INFO]: [spark] This server bundles the spark profiler. For more information please visit https://docs.papermc.io/paper/profiling
[03:36:09] [Server thread/INFO]: Server Ping Player Sample Count: 12
[03:36:09] [Server thread/INFO]: Using 4 threads for Netty based IO
[03:36:09] [Server thread/INFO]: [MoonriseCommon] Paper is using 1 worker threads, 1 I/O threads
[03:36:09] [Server thread/INFO]: [ChunkTaskScheduler] Chunk system is using population gen parallelism: true
[03:36:10] [Server thread/INFO]: Default game type: SURVIVAL
[03:36:10] [Server thread/INFO]: Generating keypair
[03:36:10] [Server thread/INFO]: Starting Minecraft server on *:25565
[03:36:10] [Server thread/INFO]: Using epoll channel type
[03:36:10] [Server thread/INFO]: Paper: Using libdeflate (Linux x86_64) compression from Velocity.
[03:36:10] [Server thread/INFO]: Paper: Using OpenSSL 1.1.x (Linux x86_64) cipher from Velocity.
[03:36:10] [Server thread/INFO]: Server permissions file permissions.yml is empty, ignoring it
[03:36:10] [Server thread/WARN]: **** SERVER IS RUNNING IN OFFLINE/INSECURE MODE!
[03:36:10] [Server thread/WARN]: The server will make no attempt to authenticate usernames. Beware.
[03:36:10] [Server thread/WARN]: While this makes the game possible to play without internet access, it also opens up the ability for hackers to connect with any username they choose.
[03:36:10] [Server thread/WARN]: To change this, set "online-mode" to "true" in the server.properties file.
[03:36:10] [Server thread/INFO]: Preparing level "world"
[03:36:11] [Server thread/INFO]: Preparing start region for dimension minecraft:overworld
[03:36:11] [Server thread/INFO]: Preparing spawn area: 0%
[03:36:11] [Server thread/INFO]: Preparing spawn area: 0%
[03:36:11] [Paper Common Worker #0/INFO]: [MCTypeRegistry] Initialising converters for DataConverter...
[03:36:12] [Paper Common Worker #0/INFO]: [MCTypeRegistry] Finished initialising converters for DataConverter in 440.7ms
[03:36:12] [Server thread/INFO]: Preparing spawn area: 2%
[03:36:12] [Server thread/INFO]: Preparing spawn area: 16%
[03:36:12] [Server thread/INFO]: Time elapsed: 1515 ms
[03:36:12] [Server thread/INFO]: Preparing start region for dimension minecraft:the_nether
[03:36:12] [Server thread/INFO]: Preparing spawn area: 0%
[03:36:12] [Server thread/INFO]: Time elapsed: 200 ms
[03:36:12] [Server thread/INFO]: Preparing start region for dimension minecraft:the_end
[03:36:12] [Server thread/INFO]: Preparing spawn area: 0%
[03:36:13] [Server thread/INFO]: Time elapsed: 166 ms
[03:36:13] [Server thread/INFO]: [spark] Starting background profiler...
[03:36:13] [Server thread/INFO]: Done preparing level "world" (3.257s)
[03:36:13] [Server thread/INFO]: Running delayed init tasks
[03:36:13] [Server thread/INFO]: Done (12.137s)! For help, type "help"
[03:46:57] [Server thread/INFO]: Stopping the server
[03:46:57] [Server thread/INFO]: Stopping server
[03:46:57] [Server thread/INFO]: Saving players
[03:46:57] [Server thread/INFO]: Saving worlds
[03:46:57] [Server thread/INFO]: Saving chunks for level 'ServerLevel[world]'/minecraft:overworld
[03:46:57] [Server thread/INFO]: [ChunkHolderManager] Waiting 60s for chunk system to halt for world 'world'
[03:46:57] [Server thread/INFO]: [ChunkHolderManager] Halted chunk system for world 'world'
[03:46:57] [Server thread/INFO]: [ChunkHolderManager] Saving all chunkholders for world 'world'
[03:46:57] [Server thread/INFO]: [ChunkHolderManager] Saved 0 block chunks, 4 entity chunks, 0 poi chunks in world 'world' in 0.01s
[03:46:57] [Server thread/INFO]: [ChunkHolderManager] Waiting 60s for chunk I/O to halt for world 'world'
[03:46:57] [Server thread/INFO]: [ChunkHolderManager] Halted I/O scheduler for world 'world'
[03:46:57] [Server thread/INFO]: Saving chunks for level 'ServerLevel[world_nether]'/minecraft:the_nether
[03:46:57] [Server thread/INFO]: [ChunkHolderManager] Waiting 60s for chunk system to halt for world 'world_nether'
[03:46:57] [Server thread/INFO]: [ChunkHolderManager] Halted chunk system for world 'world_nether'
[03:46:57] [Server thread/INFO]: [ChunkHolderManager] Saving all chunkholders for world 'world_nether'
[03:46:57] [Server thread/INFO]: [ChunkHolderManager] Saved 0 block chunks, 5 entity chunks, 0 poi chunks in world 'world_nether' in 0.01s
[03:46:57] [Server thread/INFO]: [ChunkHolderManager] Waiting 60s for chunk I/O to halt for world 'world_nether'
[03:46:57] [Server thread/INFO]: [ChunkHolderManager] Halted I/O scheduler for world 'world_nether'
[03:46:57] [Server thread/INFO]: Saving chunks for level 'ServerLevel[world_the_end]'/minecraft:the_end
[03:46:57] [Server thread/INFO]: [ChunkHolderManager] Waiting 60s for chunk system to halt for world 'world_the_end'
[03:46:57] [Server thread/INFO]: [ChunkHolderManager] Halted chunk system for world 'world_the_end'
[03:46:57] [Server thread/INFO]: [ChunkHolderManager] Saving all chunkholders for world 'world_the_end'
[03:46:57] [Server thread/INFO]: [ChunkHolderManager] Saved 0 block chunks, 10 entity chunks, 0 poi chunks in world 'world_the_end' in 0.01s
[03:46:57] [Server thread/INFO]: [ChunkHolderManager] Waiting 60s for chunk I/O to halt for world 'world_the_end'
[03:46:57] [Server thread/INFO]: [ChunkHolderManager] Halted I/O scheduler for world 'world_the_end'
[03:46:57] [Server thread/INFO]: ThreadedAnvilChunkStorage (world): All chunks are saved
[03:46:57] [Server thread/INFO]: ThreadedAnvilChunkStorage (DIM-1): All chunks are saved
[03:46:57] [Server thread/INFO]: ThreadedAnvilChunkStorage (DIM1): All chunks are saved
[03:46:57] [Server thread/INFO]: ThreadedAnvilChunkStorage: All dimensions are saved
[03:46:57] [Server thread/INFO]: Waiting for I/O tasks to complete...
[03:46:57] [Server thread/INFO]: All I/O tasks to complete
[03:46:57] [Server thread/INFO]: [MoonriseCommon] Awaiting termination of worker pool for up to 60s...
[03:46:57] [Server thread/INFO]: [MoonriseCommon] Awaiting termination of I/O pool for up to 60s...
